<?xml version="1.0" encoding="UTF-8"?>
<!-- Generated by org.testng.reporters.JUnitReportReporter -->
<testsuite hostname="Neethu" failures="0" tests="3" name="testNGDemo.TestCase2" time="0.021" errors="0" timestamp="2025-01-14T11:34:44 IST" skipped="0">
  <testcase classname="testNGDemo.TestCase2" name="LogoutFromApp" time="0.015"/>
  <system-out/>
  <testcase classname="testNGDemo.TestCase2" name="openApp" time="0.003"/>
  <system-out/>
  <testcase classname="testNGDemo.TestCase2" name="loginToApp" time="0.003"/>
  <system-out/>
</testsuite> <!-- testNGDemo.TestCase2 -->
