<?xml version="1.0" encoding="UTF-8"?>
<!-- Generated by org.testng.reporters.JUnitReportReporter -->
<testsuite hostname="Neethu" failures="0" tests="3" name="testNGDemo.TestCase1" time="0.026" errors="0" timestamp="2025-01-14T10:58:18 IST" skipped="0">
  <testcase classname="testNGDemo.TestCase1" name="loginIn" time="0.021"/>
  <system-out/>
  <testcase classname="testNGDemo.TestCase1" name="loginOut" time="0.003"/>
  <system-out/>
  <testcase classname="testNGDemo.TestCase1" name="openApp" time="0.002"/>
  <system-out/>
</testsuite> <!-- testNGDemo.TestCase1 -->
