<?xml version="1.0" encoding="UTF-8"?>
<!-- Generated by org.testng.reporters.JUnitReportReporter -->
<testsuite hostname="Neethu" failures="0" tests="1" name="testScript.BaseClass" time="5.470" errors="0" timestamp="2025-01-14T14:54:52 IST" skipped="0">
  <testcase classname="testScript.BaseClass" name="verifyUserLogin" time="5.470"/>
  <system-out/>
</testsuite> <!-- testScript.BaseClass -->
