<?xml version="1.0" encoding="UTF-8"?>
<!-- Generated by org.testng.reporters.JUnitReportReporter -->
<testsuite hostname="Neethu" failures="0" tests="3" name="testNGDemo.TestCase4" time="13.158" errors="0" timestamp="2025-01-14T23:26:36 IST" skipped="0">
  <testcase classname="testNGDemo.TestCase4" name="openApplication" time="10.827"/>
  <system-out/>
  <testcase classname="testNGDemo.TestCase4" name="login" time="0.483"/>
  <system-out/>
  <testcase classname="testNGDemo.TestCase4" name="testLogoPresence" time="1.848"/>
  <system-out/>
</testsuite> <!-- testNGDemo.TestCase4 -->
