<?xml version="1.0" encoding="UTF-8"?>
<!-- Generated by org.testng.reporters.JUnitReportReporter -->
<testsuite hostname="Neethu" failures="0" tests="1" name="testScript.LoginTest" time="14.500" errors="0" timestamp="2025-01-16T00:29:55 IST" skipped="0">
  <testcase classname="testScript.LoginTest" name="verifyLogin" time="14.500"/>
  <system-out/>
</testsuite> <!-- testScript.LoginTest -->
