<?xml version="1.0" encoding="UTF-8"?>
<!-- Generated by org.testng.reporters.JUnitReportReporter -->
<testsuite hostname="Neethu" failures="0" tests="1" name="testScript.HomeTest" time="14.621" errors="0" timestamp="2025-01-16T01:23:30 IST" skipped="0">
  <testcase classname="testScript.HomeTest" name="verifyUserAbleToLogout" time="14.621"/>
  <system-out/>
</testsuite> <!-- testScript.HomeTest -->
