<?xml version="1.0" encoding="UTF-8"?>
<!-- Generated by org.testng.reporters.JUnitReportReporter -->
<testsuite hostname="Neethu" failures="0" tests="1" name="testScript.ClientTest" time="8.809" errors="0" timestamp="2025-01-16T12:07:45 IST" skipped="0">
  <testcase classname="testScript.ClientTest" name="verifyClientSearch" time="8.809"/>
  <system-out/>
</testsuite> <!-- testScript.ClientTest -->
