<?xml version="1.0" encoding="UTF-8"?>
<!-- Generated by org.testng.reporters.JUnitReportReporter -->
<testsuite hostname="Neethu" failures="0" tests="1" name="testNGDemo.TestCase3" time="0.004" errors="0" timestamp="2025-01-14T23:26:36 IST" skipped="0">
  <testcase classname="testNGDemo.TestCase3" name="testMethod" time="0.004"/>
  <system-out/>
</testsuite> <!-- testNGDemo.TestCase3 -->
