<?xml version="1.0" encoding="UTF-8"?>
<!-- Generated by org.testng.reporters.JUnitReportReporter -->
<testsuite hostname="Neethu" failures="0" tests="1" name="testNGDemo.TestCase3" time="0.011" errors="0" timestamp="2025-01-14T12:25:54 IST" skipped="0">
  <testcase classname="testNGDemo.TestCase3" name="testMethod" time="0.011"/>
  <system-out/>
</testsuite> <!-- testNGDemo.TestCase3 -->
